<?xml version="1.0" encoding="UTF-8"?>
<!-- Generated by org.testng.reporters.JUnitReportReporter -->
<testsuite hostname="Ilyas-MacBook-Pro.local" name="Tests.LoginTest" tests="2" failures="0" timestamp="4 Oct 2016 21:04:33 GMT" time="50.066" errors="0">
  <testcase name="logintest" time="22.766" classname="Tests.LoginTest"/>
  <testcase name="logintest" time="27.300" classname="Tests.LoginTest"/>
</testsuite> <!-- Tests.LoginTest -->
