<?xml version="1.0" encoding="UTF-8"?>
<!-- Generated by org.testng.reporters.JUnitReportReporter -->
<testsuite hostname="Admin" name="com.labox.appium.NOFactory.LoginTest" tests="2" failures="0" timestamp="2 Oct 2016 03:22:07 GMT" time="51.857" errors="0">
  <testcase name="loginTest" time="25.792" classname="com.labox.appium.NOFactory.LoginTest"/>
  <testcase name="loginTest" time="26.065" classname="com.labox.appium.NOFactory.LoginTest"/>
</testsuite> <!-- com.labox.appium.NOFactory.LoginTest -->
