<?xml version="1.0" encoding="UTF-8"?>
<!-- Generated by org.testng.reporters.JUnitReportReporter -->
<testsuite hostname="Admin" name="Tests.LoginIndep" tests="2" failures="0" timestamp="2 Oct 2016 00:27:45 GMT" time="40.534" errors="0">
  <testcase name="ValidLoginTest" time="19.177" classname="Tests.LoginIndep"/>
  <testcase name="ValidLoginTest" time="21.357" classname="Tests.LoginIndep"/>
</testsuite> <!-- Tests.LoginIndep -->
