<?xml version="1.0" encoding="UTF-8"?>
<!-- Generated by org.testng.reporters.JUnitReportReporter -->
<testsuite hostname="Ilyas-MacBook-Pro.local" name="Tests.LoginTest" tests="2" failures="0" timestamp="5 Oct 2016 22:00:59 GMT" time="47.529" errors="0">
  <testcase name="logintest" time="23.185" classname="Tests.LoginTest"/>
  <testcase name="logintest" time="24.344" classname="Tests.LoginTest"/>
</testsuite> <!-- Tests.LoginTest -->
