<?xml version="1.0" encoding="UTF-8"?>
<!-- Generated by org.testng.reporters.JUnitReportReporter -->
<testsuite hostname="Admin" name="Tests.Runner" tests="1" failures="0" timestamp="28 Sep 2016 17:43:15 GMT" time="0.000" errors="1">
  <testcase name="testRunner" time="0.000" classname="Tests.Runner">
    <error type="java.lang.ClassCastException" message="Tests.Runner cannot be cast to com.appium.manager.AppiumParallelTest">
      <![CDATA[java.lang.ClassCastException: Tests.Runner cannot be cast to com.appium.manager.AppiumParallelTest
	at com.appium.manager.AppiumParallelTest.onTestStart(AppiumParallelTest.java:554)
	at org.testng.internal.Invoker.runTestListeners(Invoker.java:1700)
	at org.testng.internal.Invoker.runTestListeners(Invoker.java:1675)
	at org.testng.internal.Invoker.invokeMethod(Invoker.java:619)
	at org.testng.internal.Invoker.invokeTestMethod(Invoker.java:820)
	at org.testng.internal.Invoker.invokeTestMethods(Invoker.java:1128)
	at org.testng.internal.TestMethodWorker.invokeTestMethods(TestMethodWorker.java:129)
	at org.testng.internal.TestMethodWorker.run(TestMethodWorker.java:112)
	at java.util.concurrent.ThreadPoolExecutor.runWorker(ThreadPoolExecutor.java:1142)
	at java.util.concurrent.ThreadPoolExecutor$Worker.run(ThreadPoolExecutor.java:617)
	at java.lang.Thread.run(Thread.java:745)
]]>
    </error>
  </testcase> <!-- testRunner -->
</testsuite> <!-- Tests.Runner -->
